


ARM Macro Assembler    Page 1 


    1 00000000                 AREA             Pointers, CODE, READONLY
    2 00000000                 ENTRY
    3 00000000         
    4 00000000 E28F1060        ADR              r1, STRING1 ; Pointing r2 to st
                                                            art of STRING2
    5 00000004 E28F2079        ADR              r2, EoS     ; Pointing r2 in fr
                                                            ont of STRING2
    6 00000008         
    7 00000008 E3530074 
                       Loop    CMP              r3, #'t'    ; Comparing r3 to '
                                                            t' char
    8 0000000C 0A000005        BEQ              Check       ; Branching to 'che
                                                            ck' if char is 't'
    9 00000010         
   10 00000010 E5C23000 
                       Not     STRB             r3, [r2]    ; Moving non ' the 
                                                            ' chars to STRING2
   11 00000014         
   12 00000014 E4D13001        LDRB             r3, [r1], #1 ; r3 is incremente
                                                            d through STRING1 
   13 00000018 E4D24001        LDRB             r4, [r2], #1 ; r4 is incremente
                                                            d through STRING2
   14 0000001C E3530000 
                       endCMP  CMP              r3, #0x00   ; Checking if r3 ha
                                                            s reached end of ST
                                                            RING1
   15 00000020 0A00000F        BEQ              Finish      ; Branching to Fini
                                                            sh
   16 00000024         
   17 00000024 EAFFFFF7        B                Loop        ; Branch at end of 
                                                            main Loop
   18 00000028         
   19 00000028 E1A05001 
                       Check   MOV              r5, r1      ; Making copy of r1
                                                             location in r5 to 
                                                            char for ' the ' st
                                                            arting at 't'
   20 0000002C E5556002        LDRB             r6, [r5, #-2] ; Setting r6 to c
                                                            har before 't' to c
                                                            heck is Space
   21 00000030         
   22 00000030 E35600FE        CMP              r6, #Before ; Checking if r6 is
                                                             Before string1
   23 00000034 13560020        CMPNE            r6, #0x20   ; Checking if r6 is
                                                             Space
   24 00000038 04D56001        LDREQB           r6, [r5], #1 ; Skipping to char
                                                             after 't'
   25 0000003C 03560068        CMPEQ            r6, #'h'    ; Checking if r6 is
                                                             'h'
   26 00000040 04D56001        LDREQB           r6, [r5], #1 ; Incrementing to 
                                                            nexr char
   27 00000044 03560065        CMPEQ            r6, #'e'    ; Checking if char 
                                                            is 'e'
   28 00000048 04D56001        LDREQB           r6, [r5], #1 ; Incrementing to 
                                                            next char
   29 0000004C 03560020        CMPEQ            r6, #0x20   ; Checking if char 
                                                            after 'the' is Spac
                                                            e
   30 00000050 13560000        CMPNE            r6, #0x00   ; Checking if char 



ARM Macro Assembler    Page 2 


                                                            after 'the' is EoS
   31 00000054 1AFFFFED        BNE              Not         ; If char fails any
                                                             of the above, bran
                                                            ch back
   32 00000058         
   33 00000058 E2811002        ADD              r1, #2      ; Increading the lo
                                                            cation stored in r1
                                                            
   34 0000005C E4D13001        LDRB             r3, [r1], #1 ; Inrementing r3 i
                                                            n String1
   35 00000060 EAFFFFED        B                endCMP      ; Branching to test
                                                             if EoS
   36 00000064         
   37 00000064 EAFFFFFE 
                       Finish  B                Finish      ; Loop to finish pr
                                                            ogram
   38 00000068         
   39 00000068         
   40 00000068 61 6E 64 
              20 74 68 
              65 20 6D 
              61 6E 20 
              73 61 69 
              64 20 74 
              68 65 79 
              20 6D 75 
              73 74 20 
              67 6F    STRING1 DCB              "and the man said they must go"
 
                                                            ;String1
   41 00000085 00      EoS     DCB              0x00        ; End of string1
   42 00000086 00 00 00 
              00 00 00 
              00 00 00 
              00 00 00 
              00 00 00 
              00 00 00 
              00 00 00 
              00 00 00 
              00 00 00 
              00 00 00 
              00 00 00 
              00 00 00 
              00 00 00 
              00 00 00 
              00 00 00 
              00 00 00 
              00 00 00 
              00 00 00 
              00 00 00 
              00 00 00 
              00 00 00 
              00 00 00 
              00 00 00 
              00 00 00 
              00 00 00 
              00 00 00 
              00 00 00 
              00 00 00 



ARM Macro Assembler    Page 3 


              00 00 00 
              00 00 00 
              00 00 00 
              00 00 00 
              00 00 00 
              00 00 00 
              00 00 00 
              00 00 00 
              00 00 00 
              00 00 00 
              00 00 00 
              00 00 00 
              00 00 00 
              00 00 00 
              00       STRING2 space            0x7F        ; Just allocating 1
                                                            27 bytes
   43 00000105 000000FE 
                       Before  EQU              0xFE        ; Creating loop cou
                                                            nter starting at 3
   44 00000105         
   45 00000105                 END
Command Line: --debug --xref --bi --apcs=interwork --depend=.\question1.d -o.\q
uestion1.o -IC:\Keil\ARM\RV31\INC -IC:\Keil\ARM\CMSIS\Include --predefine="__EV
AL SETA 1" --list=.\question1.lst question1.s



ARM Macro Assembler    Page 1 Alphabetic symbol ordering
Relocatable symbols

Check 00000028

Symbol: Check
   Definitions
      At line 19 in file question1.s
   Uses
      At line 8 in file question1.s
Comment: Check used once
EoS 00000085

Symbol: EoS
   Definitions
      At line 41 in file question1.s
   Uses
      At line 5 in file question1.s
Comment: EoS used once
Finish 00000064

Symbol: Finish
   Definitions
      At line 37 in file question1.s
   Uses
      At line 15 in file question1.s
      At line 37 in file question1.s

Loop 00000008

Symbol: Loop
   Definitions
      At line 7 in file question1.s
   Uses
      At line 17 in file question1.s
Comment: Loop used once
Not 00000010

Symbol: Not
   Definitions
      At line 10 in file question1.s
   Uses
      At line 31 in file question1.s
Comment: Not used once
Pointers 00000000

Symbol: Pointers
   Definitions
      At line 1 in file question1.s
   Uses
      None
Comment: Pointers unused
STRING1 00000068

Symbol: STRING1
   Definitions
      At line 40 in file question1.s
   Uses
      At line 4 in file question1.s
Comment: STRING1 used once
STRING2 00000086




ARM Macro Assembler    Page 2 Alphabetic symbol ordering
Relocatable symbols

Symbol: STRING2
   Definitions
      At line 42 in file question1.s
   Uses
      None
Comment: STRING2 unused
endCMP 0000001C

Symbol: endCMP
   Definitions
      At line 14 in file question1.s
   Uses
      At line 35 in file question1.s
Comment: endCMP used once
9 symbols



ARM Macro Assembler    Page 1 Alphabetic symbol ordering
Absolute symbols

Before 000000FE

Symbol: Before
   Definitions
      At line 43 in file question1.s
   Uses
      At line 22 in file question1.s
Comment: Before used once
1 symbol
341 symbols in table
